[ 22.01.2018 - 00:50:12 ]
    (MSG) [2] in SMILExtract : openSMILE starting!
[ 22.01.2018 - 00:50:12 ]
    (MSG) [2] in SMILExtract : config file is: ../lib/opensmile/config/ComParE_2016_custom.conf
[ 22.01.2018 - 00:50:12 ]
    (MSG) [2] in cComponentManager : successfully registered 95 component types.
[ 22.01.2018 - 00:50:12 ]
    (MSG) [2] in instance 'lldsink' : No filename given, disabling this sink component.
[ 22.01.2018 - 00:50:12 ]
    (MSG) [2] in instance 'lldhtksink' : No filename given, disabling this sink component.
[ 22.01.2018 - 00:50:12 ]
    (MSG) [2] in instance 'lldarffsink' : No filename given, disabling this sink component.
[ 22.01.2018 - 00:50:12 ]
    (MSG) [2] in instance 'arffsink' : No filename given, disabling this sink component.
[ 22.01.2018 - 00:50:12 ]
    (MSG) [2] in instance 'htksink' : No filename given, disabling this sink component.
[ 22.01.2018 - 00:50:12 ]
    (MSG) [2] in cComponentManager : successfully finished createInstances
                                 (48 component instances were finalised, 1 data memories were finalised)
[ 22.01.2018 - 00:50:12 ]
    (MSG) [2] in cComponentManager : starting single thread processing loop
[ 22.01.2018 - 00:50:14 ]
    (MSG) [2] in cComponentManager : Processing finished! System ran for 97 ticks.
