Hash: [1mcadb6063abf50ee4ac34[39m[22m
Version: webpack [1m3.9.1[39m[22m
Child
    Hash: [1mcadb6063abf50ee4ac34[39m[22m
    Time: [1m3315[39m[22mms
                    [1mAsset[39m[22m     [1mSize[39m[22m  [1mChunks[39m[22m  [1m[39m[22m           [1m[39m[22m       [1mChunk Names[39m[22m
        [1m[33mb4w_app_bundle.js[39m[22m  [1m[33m5.28 MB[39m[22m       [1m0[39m[22m  [1m[32m[emitted][39m[22m  [1m[33m[big][39m[22m  main
    [1m[32mb4w_app_bundle.js.map[39m[22m  6.17 MB       [1m0[39m[22m  [1m[32m[emitted][39m[22m         main
              [1m[32mviewer.html[39m[22m  55.9 kB        [1m[39m[22m  [1m[32m[emitted][39m[22m         
       [7] [1m./src/libs/gl_matrix/vec4.js[39m[22m 14 kB {[1m[33m0[39m[22m}[1m[32m [built][39m[22m
       [8] [1m./src/libs/gl_matrix/quat.js[39m[22m 15.9 kB {[1m[33m0[39m[22m}[1m[32m [built][39m[22m
      [61] [1m./src/extern/main.js[39m[22m 16.1 kB {[1m[33m0[39m[22m}[1m[32m [built][39m[22m
      [84] [1mmulti ./deploy/apps/viewer/viewer.js[39m[22m 28 bytes {[1m[33m0[39m[22m}[1m[32m [built][39m[22m
      [85] [1m./deploy/apps/viewer/viewer.js[39m[22m 94.9 kB {[1m[33m0[39m[22m}[1m[32m [built][39m[22m
      [86] [1m./index.js[39m[22m 6.44 kB {[1m[33m0[39m[22m}[1m[32m [built][39m[22m
     [111] [1m./src/extern/hud.js[39m[22m 1.57 kB {[1m[33m0[39m[22m}[1m[32m [built][39m[22m
     [112] [1m./src/extern/lights.js[39m[22m 15.4 kB {[1m[33m0[39m[22m}[1m[32m [built][39m[22m
     [113] [1m./src/extern/logic_nodes.js[39m[22m 1.62 kB {[1m[33m0[39m[22m}[1m[32m [built][39m[22m
     [114] [1m./src/extern/material.js[39m[22m 66.3 kB {[1m[33m0[39m[22m}[1m[32m [built][39m[22m
     [115] [1m./src/extern/math.js[39m[22m 14.5 kB {[1m[33m0[39m[22m}[1m[32m [built][39m[22m
     [116] [1m./src/extern/nla.js[39m[22m 4.73 kB {[1m[33m0[39m[22m}[1m[32m [built][39m[22m
     [117] [1m./src/extern/objects.js[39m[22m 15.4 kB {[1m[33m0[39m[22m}[1m[32m [built][39m[22m
     [118] [1m./src/extern/particles.js[39m[22m 2.97 kB {[1m[33m0[39m[22m}[1m[32m [built][39m[22m
     [119] [1m./src/extern/rgb.js[39m[22m 3.84 kB {[1m[33m0[39m[22m}[1m[32m [built][39m[22m
        + 107 hidden modules
    Child [1mhtml-webpack-plugin for "viewer.html"[39m[22m:
              [1mAsset[39m[22m    [1mSize[39m[22m  [1mChunks[39m[22m  [1m[39m[22m[1m[39m[22m[1mChunk Names[39m[22m
        [1m[32mviewer.html[39m[22m  601 kB       [1m0[39m[22m  [1m[32m[39m[22m
           [0] [1m./node_modules/html-webpack-plugin/lib/loader.js!./deploy/apps/viewer/viewer.html[39m[22m 57.1 kB {[1m[33m0[39m[22m}[1m[32m [built][39m[22m
           [2] [1m(webpack)/buildin/global.js[39m[22m 509 bytes {[1m[33m0[39m[22m}[1m[32m [built][39m[22m
           [3] [1m(webpack)/buildin/module.js[39m[22m 517 bytes {[1m[33m0[39m[22m}[1m[32m [built][39m[22m
            + 1 hidden module
